<?xml version="1.0" encoding="UTF-8"?>
<!-- Generated by org.testng.reporters.JUnitXMLReporter -->
<testsuite ignored="20" hostname="DESKTOP-VF6R5DT" failures="0" tests="1" name="Default test" time="10.603" errors="0" timestamp="2025-05-19T00:40:17 EET">
  <testcase classname="MyNewClass" name="IframeTest" time="5.557"/>
  <testcase classname="MyNewClass" name="DynamicDropDown" time="0.0">
    <ignored/>
  </testcase> <!-- DynamicDropDown -->
  <testcase classname="MyNewClass" name="RadioButton" time="0.0">
    <ignored/>
  </testcase> <!-- RadioButton -->
  <testcase classname="MyNewClass" name="EnableDisableTest" time="0.0">
    <ignored/>
  </testcase> <!-- EnableDisableTest -->
  <testcase classname="MyNewClass" name="ConfirmTest" time="0.0">
    <ignored/>
  </testcase> <!-- ConfirmTest -->
  <testcase classname="MyNewClass" name="ElementDisplayedTest" time="0.0">
    <ignored/>
  </testcase> <!-- ElementDisplayedTest -->
  <testcase classname="MyNewClass" name="SelectSecondButtonOfCheckbox" time="0.0">
    <ignored/>
  </testcase> <!-- SelectSecondButtonOfCheckbox -->
  <testcase classname="MyNewClass" name="PrintPriceFromTable" time="0.0">
    <ignored/>
  </testcase> <!-- PrintPriceFromTable -->
  <testcase classname="MyNewClass" name="MouseHovering" time="0.0">
    <ignored/>
  </testcase> <!-- MouseHovering -->
  <testcase classname="MyNewClass" name="printTableData" time="0.0">
    <ignored/>
  </testcase> <!-- printTableData -->
  <testcase classname="MyNewClass" name="BokingCalenderNewTapTest" time="0.0">
    <ignored/>
  </testcase> <!-- BokingCalenderNewTapTest -->
  <testcase classname="MyNewClass" name="PrintTableData" time="0.0">
    <ignored/>
  </testcase> <!-- PrintTableData -->
  <testcase classname="MyNewClass" name="CheckboxTest1" time="0.0">
    <ignored/>
  </testcase> <!-- CheckboxTest1 -->
  <testcase classname="MyNewClass" name="OpenNewWindow" time="0.0">
    <ignored/>
  </testcase> <!-- OpenNewWindow -->
  <testcase classname="MyNewClass" name="CheckboxTest2" time="0.0">
    <ignored/>
  </testcase> <!-- CheckboxTest2 -->
  <testcase classname="MyNewClass" name="AutoCompleteTest" time="0.0">
    <ignored/>
  </testcase> <!-- AutoCompleteTest -->
  <testcase classname="MyNewClass" name="StaticDropDown" time="0.0">
    <ignored/>
  </testcase> <!-- StaticDropDown -->
  <testcase classname="MyNewClass" name="PrintDynamicDropDown" time="0.0">
    <ignored/>
  </testcase> <!-- PrintDynamicDropDown -->
  <testcase classname="MyNewClass" name="StaticList" time="0.0">
    <ignored/>
  </testcase> <!-- StaticList -->
  <testcase classname="MyNewClass" name="OpenNewTab" time="0.0">
    <ignored/>
  </testcase> <!-- OpenNewTab -->
  <testcase classname="MyNewClass" name="AlertTest" time="0.0">
    <ignored/>
  </testcase> <!-- AlertTest -->
</testsuite> <!-- Default test -->
