<?xml version="1.0" encoding="UTF-8"?>
<testng-results ignored="0" total="5" passed="5" failed="0" skipped="0">
  <reporter-output>
  </reporter-output>
  <suite started-at="2025-04-23T04:11:26 EET" name="Default suite" finished-at="2025-04-23T04:11:48 EET" duration-ms="21722">
    <groups>
    </groups>
    <test started-at="2025-04-23T04:11:26 EET" name="Default test" finished-at="2025-04-23T04:11:48 EET" duration-ms="21722">
      <class name="MyNewClass">
        <test-method is-config="true" signature="Setup()[pri:0, instance:MyNewClass@23fb172e]" started-at="2025-04-23T04:11:26 EET" name="Setup" finished-at="2025-04-23T04:11:33 EET" duration-ms="6549" status="PASS">
          <reporter-output>
          </reporter-output>
        </test-method> <!-- Setup -->
        <test-method signature="RadioButton()[pri:1, instance:MyNewClass@23fb172e]" started-at="2025-04-23T04:11:33 EET" name="RadioButton" finished-at="2025-04-23T04:11:34 EET" duration-ms="675" status="PASS">
          <reporter-output>
          </reporter-output>
        </test-method> <!-- RadioButton -->
        <test-method signature="DynamicDropDown()[pri:2, instance:MyNewClass@23fb172e]" started-at="2025-04-23T04:11:34 EET" name="DynamicDropDown" finished-at="2025-04-23T04:11:41 EET" duration-ms="6975" status="PASS">
          <reporter-output>
          </reporter-output>
        </test-method> <!-- DynamicDropDown -->
        <test-method signature="PrintDynamicDropDown()[pri:3, instance:MyNewClass@23fb172e]" started-at="2025-04-23T04:11:41 EET" name="PrintDynamicDropDown" finished-at="2025-04-23T04:11:47 EET" duration-ms="6789" status="PASS">
          <reporter-output>
          </reporter-output>
        </test-method> <!-- PrintDynamicDropDown -->
        <test-method signature="CheckboxTest()[pri:4, instance:MyNewClass@23fb172e]" started-at="2025-04-23T04:11:47 EET" name="CheckboxTest" finished-at="2025-04-23T04:11:48 EET" duration-ms="423" status="PASS">
          <reporter-output>
          </reporter-output>
        </test-method> <!-- CheckboxTest -->
        <test-method signature="SelectSecondButtonOfCheckbox()[pri:5, instance:MyNewClass@23fb172e]" started-at="2025-04-23T04:11:48 EET" name="SelectSecondButtonOfCheckbox" finished-at="2025-04-23T04:11:48 EET" duration-ms="212" status="PASS">
          <reporter-output>
          </reporter-output>
        </test-method> <!-- SelectSecondButtonOfCheckbox -->
      </class> <!-- MyNewClass -->
    </test> <!-- Default test -->
  </suite> <!-- Default suite -->
</testng-results>
