<?xml version="1.0" encoding="UTF-8"?>
<testng-results ignored="0" total="3" passed="3" failed="0" skipped="0">
  <reporter-output>
  </reporter-output>
  <suite started-at="2025-04-23T02:02:31 EET" name="Default suite" finished-at="2025-04-23T02:02:49 EET" duration-ms="17365">
    <groups>
    </groups>
    <test started-at="2025-04-23T02:02:31 EET" name="Default test" finished-at="2025-04-23T02:02:49 EET" duration-ms="17365">
      <class name="MyNewClass">
        <test-method is-config="true" signature="Setup()[pri:0, instance:MyNewClass@d3957fe]" started-at="2025-04-23T02:02:32 EET" name="Setup" finished-at="2025-04-23T02:02:37 EET" duration-ms="5897" status="PASS">
          <reporter-output>
          </reporter-output>
        </test-method> <!-- Setup -->
        <test-method signature="RadioButton()[pri:1, instance:MyNewClass@d3957fe]" started-at="2025-04-23T02:02:37 EET" name="RadioButton" finished-at="2025-04-23T02:02:38 EET" duration-ms="330" status="PASS">
          <reporter-output>
          </reporter-output>
        </test-method> <!-- RadioButton -->
        <test-method signature="DynamicDropDown()[pri:2, instance:MyNewClass@d3957fe]" started-at="2025-04-23T02:02:38 EET" name="DynamicDropDown" finished-at="2025-04-23T02:02:42 EET" duration-ms="4434" status="PASS">
          <reporter-output>
          </reporter-output>
        </test-method> <!-- DynamicDropDown -->
        <test-method signature="PrintDynamicDropDown()[pri:2, instance:MyNewClass@d3957fe]" started-at="2025-04-23T02:02:42 EET" name="PrintDynamicDropDown" finished-at="2025-04-23T02:02:49 EET" duration-ms="6637" status="PASS">
          <reporter-output>
          </reporter-output>
        </test-method> <!-- PrintDynamicDropDown -->
      </class> <!-- MyNewClass -->
    </test> <!-- Default test -->
  </suite> <!-- Default suite -->
</testng-results>
